2026-04-03 00:00:01,028 INFO Phase2EndDetectionThread AutoTutorialTask:[第二阶段] [结束检测] OCR匹配到结束文字: '對戰結束'
2026-04-03 00:00:01,489 INFO TaskExecutor AutoTutorialTask:[第二阶段] 战斗结束检测线程已停止
2026-04-03 00:00:01,489 INFO TaskExecutor AutoTutorialTask:[第二阶段] 停止自己启动的战斗线程...
2026-04-03 00:00:01,493 WARNING Phase2CombatThread AutoCombatTask:15秒未检测到自身位置
2026-04-03 00:00:01,506 INFO TaskExecutor AutoCombatTask:[检测器] 战斗状态已重置
2026-04-03 00:00:01,877 INFO DeathMonitorThread AutoCombatTask:[检测器] 死亡监控线程结束，共执行155次检测
2026-04-03 00:00:01,877 INFO TaskExecutor AutoCombatTask:[检测器] 死亡监控线程已停止
2026-04-03 00:00:01,941 INFO Phase2CombatThread AutoCombatTask:📷 帧信息[自身检测失败]: 尺寸=1920x1080
2026-04-03 00:00:01,941 ERROR Phase2CombatThread AutoCombatTask:自动战斗异常: 自身检测超时 - 15秒内未找到自己 
2026-04-03 00:00:01,944 INFO Phase2CombatThread AutoCombatTask:📷 帧信息[异常发生时]: 尺寸=1920x1080
2026-04-03 00:00:01,952 INFO Phase2CombatThread AutoCombatTask:战斗执行线程已停止
2026-04-03 00:00:01,952 INFO Phase2CombatThread AutoCombatTask:[检测器] 战斗状态已重置
2026-04-03 00:00:01,953 INFO Phase2CombatThread AutoCombatTask:自动战斗任务清理完成
2026-04-03 00:00:01,953 ERROR Phase2CombatThread AutoTutorialTask:[第二阶段] [Phase2CombatThread] 自动战斗异常: 自身检测超时 - 15秒内未找到自己 
2026-04-03 00:00:01,954 INFO TaskExecutor AutoTutorialTask:[第二阶段] 自己启动的战斗线程已停止
2026-04-03 00:00:01,954 INFO TaskExecutor AutoTutorialTask:[第二阶段] 战斗结束，持续时间: 134.6秒
2026-04-03 00:00:01,957 INFO TaskExecutor AutoTutorialTask:[第二阶段] 步骤 2.6: MVP场景处理
2026-04-03 00:00:01,957 INFO TaskExecutor AutoTutorialTask:[第二阶段] 等待MVP场景出现（容错窗口: 20.0秒）...
2026-04-03 00:00:02,345 INFO update_window_size capture:do_update_window_size changed,visible:False,exists:True x:60 y:120 window:1956x1100 self.window:1958x1114 real:1920x1080
2026-04-03 00:00:04,888 INFO TaskExecutor AutoTutorialTask:[第二阶段] [OCR诊断] 首次OCR识别结果: ['NARUTO', '短冊街·樹林', 'MVPY', '騙人布', 'Player', '石田雨龍', 'Development Build']
2026-04-03 00:00:04,888 INFO TaskExecutor AutoTutorialTask:[第二阶段] [OCR诊断] 目标文字: '点击荧幕退出' / '點擊螢幕退出'
2026-04-03 00:00:08,315 INFO TaskExecutor AutoTutorialTask:[第二阶段] [OCR] 检测到'点击荧幕退出'文字: (956, 1006)
2026-04-03 00:00:08,316 INFO TaskExecutor AutoTutorialTask:[第二阶段] 点击屏幕中心: (960, 540)
2026-04-03 00:00:08,560 INFO update_window_size capture:do_update_window_size changed,visible:True,exists:True x:60 y:120 window:1956x1100 self.window:1958x1114 real:1920x1080
2026-04-03 00:00:09,464 INFO TaskExecutor AutoTutorialTask:[第二阶段] 第一次MVP点击成功，等待中间加载界面...
2026-04-03 00:00:09,465 INFO TaskExecutor AutoTutorialTask:[检测器] 加载界面检测状态已重置
2026-04-03 00:00:10,401 INFO TaskExecutor AutoTutorialTask:[检测器] 右下角OCR文本: '進入遊戲大廳中' at (1542, 1024)
2026-04-03 00:00:10,401 INFO TaskExecutor AutoTutorialTask:[检测器] 右下角OCR文本: 'Development Build' at (1774, 1050)
2026-04-03 00:00:10,401 INFO TaskExecutor AutoTutorialTask:[检测器] 右下角OCR文本: '61%' at (1784, 991)
2026-04-03 00:00:10,402 INFO TaskExecutor AutoTutorialTask:[检测器] 检测到加载百分比: 61%
2026-04-03 00:00:10,402 INFO TaskExecutor AutoTutorialTask:[检测器] 检测到加载界面开始: 61%
2026-04-03 00:00:10,405 INFO TaskExecutor AutoTutorialTask:[第二阶段] 中间加载界面开始...
2026-04-03 00:00:11,052 INFO TaskExecutor AutoTutorialTask:[第二阶段] [容错] 加载期间检测到第二次MVP场景，跳过剩余加载等待
2026-04-03 00:00:11,052 INFO TaskExecutor AutoTutorialTask:[第二阶段] 检测第二次MVP场景...
2026-04-03 00:00:11,167 INFO update_window_size capture:do_update_window_size changed,visible:False,exists:True x:60 y:120 window:1956x1100 self.window:1958x1114 real:1920x1080
2026-04-03 00:00:11,696 INFO TaskExecutor AutoTutorialTask:[第二阶段] [OCR] 检测到'点击荧幕继续'文字: (961, 1001)
2026-04-03 00:00:11,698 INFO TaskExecutor AutoTutorialTask:[第二阶段] 点击屏幕中心: (960, 540)
2026-04-03 00:00:12,832 INFO TaskExecutor AutoTutorialTask:[第二阶段] 第二次MVP点击成功，MVP场景处理完成
2026-04-03 00:00:12,832 INFO TaskExecutor AutoTutorialTask:[第二阶段] 步骤 2.7: 新英雄场景处理
2026-04-03 00:00:12,832 INFO TaskExecutor AutoTutorialTask:[第二阶段] 等待新英雄场景（容错窗口: 15.0秒）...
2026-04-03 00:00:13,494 INFO TaskExecutor AutoTutorialTask:[检测器] 右下角OCR文本: 'Development Build' at (1774, 1050)
2026-04-03 00:00:13,891 INFO TaskExecutor AutoTutorialTask:[检测器] 右下角OCR文本: 'Development Build' at (1774, 1050)
2026-04-03 00:00:13,918 INFO global MainWindow:Window geometry updated in ok_config {'window_x': 1234, 'window_y': 400, 'window_width': 1024, 'window_height': 664, 'window_maximized': False}
2026-04-03 00:00:15,048 INFO TaskExecutor AutoTutorialTask:[检测器] 右下角OCR文本: 'Development Build' at (1774, 1050)
2026-04-03 00:00:15,436 INFO TaskExecutor AutoTutorialTask:[检测器] 右下角OCR文本: 'Development Build' at (1774, 1050)
2026-04-03 00:00:16,512 INFO TaskExecutor AutoTutorialTask:[检测器] 右下角OCR文本: 'Development Build' at (1774, 1050)
2026-04-03 00:00:16,936 INFO TaskExecutor AutoTutorialTask:[检测器] 右下角OCR文本: 'Development Build' at (1774, 1050)
2026-04-03 00:00:18,198 INFO TaskExecutor AutoTutorialTask:[检测器] 右下角OCR文本: 'Development Build' at (1774, 1050)
2026-04-03 00:00:18,958 INFO TaskExecutor AutoTutorialTask:[检测器] 右下角OCR文本: 'Development Build' at (1774, 1050)
2026-04-03 00:00:20,824 INFO TaskExecutor AutoTutorialTask:[检测器] 右下角OCR文本: 'Development Build' at (1774, 1050)
2026-04-03 00:00:22,609 INFO TaskExecutor AutoTutorialTask:[检测器] 右下角OCR文本: 'Development Build' at (1774, 1050)
2026-04-03 00:00:24,526 INFO TaskExecutor AutoTutorialTask:[检测器] 右下角OCR文本: '確定' at (1656, 917)
2026-04-03 00:00:24,528 INFO TaskExecutor AutoTutorialTask:[检测器] 右下角OCR文本: 'Development Build' at (1774, 1050)
2026-04-03 00:00:24,805 INFO TaskExecutor AutoTutorialTask:[第二阶段] [OCR] 检测到新英雄文字
2026-04-03 00:00:24,895 INFO TaskExecutor AutoTutorialTask:[第二阶段] 过渡期检测到新英雄场景，点击确定按钮: (1696, 940)
2026-04-03 00:00:26,547 INFO TaskExecutor AutoTutorialTask:[第二阶段] 新英雄场景处理完成
2026-04-03 00:00:26,547 INFO TaskExecutor AutoTutorialTask:[第二阶段] 步骤 2.8: 最终加载界面
2026-04-03 00:00:26,548 INFO TaskExecutor AutoTutorialTask:[第二阶段] 等待最终加载界面...
2026-04-03 00:00:26,548 INFO TaskExecutor AutoTutorialTask:[检测器] 加载界面检测状态已重置
2026-04-03 00:00:29,280 INFO TaskExecutor AutoTutorialTask:[第二阶段] [主界面检测] 检测到: 漫斗赛:漫鬥賽, 排位赛:排位賽
2026-04-03 00:00:29,280 INFO TaskExecutor AutoTutorialTask:[第二阶段] [容错] 检测到主界面元素，跳过最终加载界面等待
2026-04-03 00:00:29,282 INFO TaskExecutor AutoTutorialTask:[第二阶段] 步骤 2.9: 主界面验证
2026-04-03 00:00:29,285 INFO TaskExecutor AutoTutorialTask:[第二阶段] 开始主界面验证（超时: 30.0秒，最大重试: 3次）...
2026-04-03 00:00:29,285 INFO TaskExecutor AutoTutorialTask:[第二阶段] 主界面验证尝试 1/3
2026-04-03 00:00:29,956 INFO TaskExecutor AutoTutorialTask:[第二阶段] [OCR识别结果] ['Player83542', 'D', '10000', '100', '0', '收集獎盃，可通過榮譽之路', '解鎖各種稀有獎勵', '已解鎖獎勵', '1000', '成就', '隊伍', '排行榜', '商店', '觀戰', '無限列車開啟', '綜合', '钢子', '角色', '任務', '背包', '漫鬥賽', '排位賽', '日', '當前版本為測試版本，不代表遊戲最終品質UID：83542', 'Development Build']
2026-04-03 00:00:29,956 INFO TaskExecutor AutoTutorialTask:[第二阶段] 检测到'漫斗赛': 漫鬥賽
2026-04-03 00:00:29,956 INFO TaskExecutor AutoTutorialTask:[第二阶段] 检测到'排位赛': 排位賽
2026-04-03 00:00:29,965 INFO TaskExecutor AutoTutorialTask:[第二阶段] 主界面验证成功：检测到'漫斗赛'和'排位赛'
2026-04-03 00:00:29,965 INFO TaskExecutor AutoTutorialTask:[第二阶段] ==================================================
2026-04-03 00:00:29,965 INFO TaskExecutor AutoTutorialTask:[第二阶段] 第二阶段完成
2026-04-03 00:00:29,972 INFO TaskExecutor AutoTutorialTask:[第二阶段] ==================================================
2026-04-03 00:00:29,972 INFO TaskExecutor AutoTutorialTask:角色 '小鸣人' 新手教程第二阶段完成
2026-04-03 00:00:29,977 INFO TaskExecutor AutoTutorialTask:jump_globals 未初始化，跳过全局状态标记
2026-04-03 00:00:29,978 INFO TaskExecutor AutoTutorialTask:[第二阶段] 战斗结束检测线程已停止
2026-04-03 00:00:29,978 INFO TaskExecutor AutoTutorialTask:[第二阶段] 停止自己启动的战斗线程...
2026-04-03 00:00:29,978 INFO TaskExecutor AutoCombatTask:[检测器] 战斗状态已重置
2026-04-03 00:00:29,978 INFO TaskExecutor AutoTutorialTask:[第二阶段] 自己启动的战斗线程已停止
2026-04-03 00:00:29,978 INFO TaskExecutor AutoTutorialTask:[检测器] 加载界面检测状态已重置
2026-04-03 00:00:29,978 INFO TaskExecutor AutoTutorialTask:[第二阶段] 第二阶段资源清理完成
2026-04-03 00:00:29,980 INFO TaskExecutor AutoTutorialTask:[第一阶段] 第一阶段资源清理完成
2026-04-03 00:00:29,980 INFO TaskExecutor AutoTutorialTask:==================================================
2026-04-03 00:00:29,980 INFO TaskExecutor AutoTutorialTask:恭喜！角色 '小鸣人' 新手引导全流程完成！
2026-04-03 00:00:29,980 INFO TaskExecutor AutoTutorialTask:新手教程任务已成功结束
2026-04-03 00:00:29,980 INFO TaskExecutor AutoTutorialTask:GUI窗口保持打开，可以继续执行其他任务
2026-04-03 00:00:29,980 INFO TaskExecutor AutoTutorialTask:==================================================
2026-04-03 00:00:30,472 INFO TaskExecutor AutoCombatTask:==================================================
2026-04-03 00:00:30,472 INFO TaskExecutor AutoCombatTask:自动战斗任务启动
2026-04-03 00:00:30,473 INFO TaskExecutor AutoCombatTask:==================================================
2026-04-03 00:00:30,476 INFO TaskExecutor AutoCombatTask:后台模式: 启用
2026-04-03 00:00:30,477 INFO TaskExecutor AutoCombatTask:正常模式已启用 - 通过YOLO自身检测动态启停战斗
2026-04-03 00:00:30,478 INFO TaskExecutor AutoCombatTask:当前分辨率: 1920x1080, 缩放比例: 1.00x1.00
2026-04-03 00:00:30,480 INFO TaskExecutor AutoCombatTask:详细日志已启用
2026-04-03 00:00:30,482 INFO TaskExecutor AutoCombatTask:当前技能配置:
2026-04-03 00:00:30,482 INFO TaskExecutor AutoCombatTask:  普攻: 启用=True, 按键=J, 间隔=0.1秒
2026-04-03 00:00:30,482 INFO TaskExecutor AutoCombatTask:  技能1: 启用=True, 按键=K, 间隔=2.0秒
2026-04-03 00:00:30,483 INFO TaskExecutor AutoCombatTask:  技能2: 启用=True, 按键=U, 间隔=3.0秒
2026-04-03 00:00:30,485 INFO TaskExecutor AutoCombatTask:  大招: 启用=True, 按键=L, 间隔=5.0秒
2026-04-03 00:00:30,485 INFO TaskExecutor AutoCombatTask:[检测器] 死亡监控线程已启动
2026-04-03 00:00:30,485 INFO TaskExecutor AutoCombatTask:死亡状态监控线程已启动
2026-04-03 00:00:30,486 INFO TaskExecutor AutoCombatTask:正常模式：启动战斗状态检测主循环
2026-04-03 00:00:30,488 INFO TaskExecutor AutoCombatTask:状态感知主循环已启动
2026-04-03 00:00:31,070 INFO TaskExecutor AutoCombatTask:状态感知循环: 战斗状态=非战斗, 战斗线程=已停止
2026-04-03 00:00:52,431 INFO TaskExecutor AutoCombatTask:状态感知循环: 战斗状态=非战斗, 战斗线程=已停止
2026-04-03 00:01:13,627 INFO TaskExecutor AutoCombatTask:状态感知循环: 战斗状态=非战斗, 战斗线程=已停止
2026-04-03 00:01:14,956 INFO update_window_size capture:do_update_window_size changed,visible:True,exists:True x:60 y:120 window:1956x1100 self.window:1958x1114 real:1920x1080
2026-04-03 00:01:15,558 INFO update_window_size capture:do_update_window_size changed,visible:False,exists:True x:60 y:120 window:1956x1100 self.window:1958x1114 real:1920x1080
2026-04-03 00:01:35,118 INFO TaskExecutor AutoCombatTask:状态感知循环: 战斗状态=非战斗, 战斗线程=已停止
2026-04-03 00:01:56,856 INFO TaskExecutor AutoCombatTask:状态感知循环: 战斗状态=非战斗, 战斗线程=已停止
2026-04-03 00:02:18,264 INFO TaskExecutor AutoCombatTask:状态感知循环: 战斗状态=非战斗, 战斗线程=已停止
2026-04-03 00:02:39,521 INFO TaskExecutor AutoCombatTask:状态感知循环: 战斗状态=非战斗, 战斗线程=已停止
2026-04-03 00:03:01,139 INFO TaskExecutor AutoCombatTask:状态感知循环: 战斗状态=非战斗, 战斗线程=已停止
2026-04-03 00:03:22,904 INFO TaskExecutor AutoCombatTask:状态感知循环: 战斗状态=非战斗, 战斗线程=已停止
2026-04-03 00:03:44,705 INFO TaskExecutor AutoCombatTask:状态感知循环: 战斗状态=非战斗, 战斗线程=已停止
2026-04-03 00:04:05,962 INFO TaskExecutor AutoCombatTask:状态感知循环: 战斗状态=非战斗, 战斗线程=已停止
2026-04-03 00:04:27,234 INFO TaskExecutor AutoCombatTask:状态感知循环: 战斗状态=非战斗, 战斗线程=已停止
2026-04-03 00:04:48,604 INFO TaskExecutor AutoCombatTask:状态感知循环: 战斗状态=非战斗, 战斗线程=已停止
2026-04-03 00:05:09,983 INFO TaskExecutor AutoCombatTask:状态感知循环: 战斗状态=非战斗, 战斗线程=已停止
2026-04-03 00:05:31,230 INFO TaskExecutor AutoCombatTask:状态感知循环: 战斗状态=非战斗, 战斗线程=已停止
2026-04-03 00:05:52,663 INFO TaskExecutor AutoCombatTask:状态感知循环: 战斗状态=非战斗, 战斗线程=已停止
2026-04-03 00:06:14,324 INFO TaskExecutor AutoCombatTask:状态感知循环: 战斗状态=非战斗, 战斗线程=已停止
2026-04-03 00:06:35,827 INFO TaskExecutor AutoCombatTask:状态感知循环: 战斗状态=非战斗, 战斗线程=已停止
2026-04-03 00:06:57,219 INFO TaskExecutor AutoCombatTask:状态感知循环: 战斗状态=非战斗, 战斗线程=已停止
2026-04-03 00:07:18,538 INFO TaskExecutor AutoCombatTask:状态感知循环: 战斗状态=非战斗, 战斗线程=已停止
2026-04-03 00:07:40,317 INFO TaskExecutor AutoCombatTask:状态感知循环: 战斗状态=非战斗, 战斗线程=已停止
2026-04-03 00:08:01,667 INFO TaskExecutor AutoCombatTask:状态感知循环: 战斗状态=非战斗, 战斗线程=已停止
2026-04-03 00:08:23,179 INFO TaskExecutor AutoCombatTask:状态感知循环: 战斗状态=非战斗, 战斗线程=已停止
2026-04-03 00:08:44,528 INFO TaskExecutor AutoCombatTask:状态感知循环: 战斗状态=非战斗, 战斗线程=已停止
2026-04-03 00:09:05,799 INFO TaskExecutor AutoCombatTask:状态感知循环: 战斗状态=非战斗, 战斗线程=已停止
2026-04-03 00:09:21,695 INFO update_window_size capture:do_update_window_size changed,visible:True,exists:True x:60 y:120 window:1956x1100 self.window:1958x1114 real:1920x1080
2026-04-03 00:09:23,101 INFO update_window_size capture:do_update_window_size changed,visible:True,exists:True x:62 y:118 window:1956x1100 self.window:1958x1114 real:1920x1080
2026-04-03 00:09:23,302 INFO update_window_size capture:do_update_window_size changed,visible:True,exists:True x:63 y:118 window:1956x1100 self.window:1958x1114 real:1920x1080
2026-04-03 00:09:25,308 INFO update_window_size capture:do_update_window_size changed,visible:True,exists:True x:80 y:120 window:1956x1100 self.window:1958x1114 real:1920x1080
2026-04-03 00:09:25,512 INFO update_window_size capture:do_update_window_size changed,visible:True,exists:True x:440 y:203 window:1956x1100 self.window:1958x1114 real:1920x1080
2026-04-03 00:09:25,715 INFO update_window_size capture:do_update_window_size changed,visible:True,exists:True x:357 y:173 window:1956x1100 self.window:1958x1114 real:1920x1080
2026-04-03 00:09:25,874 INFO TaskExecutor AutoCombatTask:状态感知循环: 战斗状态=非战斗, 战斗线程=已停止
2026-04-03 00:09:25,918 INFO update_window_size capture:do_update_window_size changed,visible:True,exists:True x:345 y:172 window:1956x1100 self.window:1958x1114 real:1920x1080
2026-04-03 00:09:42,621 INFO TaskExecutor AutoCombatTask:状态感知循环: 战斗状态=非战斗, 战斗线程=已停止
2026-04-03 00:09:59,587 INFO TaskExecutor AutoCombatTask:状态感知循环: 战斗状态=非战斗, 战斗线程=已停止
2026-04-03 00:10:21,795 INFO TaskExecutor AutoCombatTask:状态感知循环: 战斗状态=非战斗, 战斗线程=已停止
2026-04-03 00:10:44,882 INFO TaskExecutor AutoCombatTask:状态感知循环: 战斗状态=非战斗, 战斗线程=已停止
2026-04-03 00:10:54,581 INFO update_window_size capture:do_update_window_size changed,visible:False,exists:True x:345 y:172 window:1956x1100 self.window:1958x1114 real:1920x1080
2026-04-03 00:11:08,562 INFO TaskExecutor AutoCombatTask:状态感知循环: 战斗状态=非战斗, 战斗线程=已停止
2026-04-03 00:11:31,710 INFO TaskExecutor AutoCombatTask:状态感知循环: 战斗状态=非战斗, 战斗线程=已停止
2026-04-03 00:11:55,828 INFO TaskExecutor AutoCombatTask:状态感知循环: 战斗状态=非战斗, 战斗线程=已停止
2026-04-03 00:12:19,950 INFO TaskExecutor AutoCombatTask:状态感知循环: 战斗状态=非战斗, 战斗线程=已停止
2026-04-03 00:12:44,083 INFO TaskExecutor AutoCombatTask:状态感知循环: 战斗状态=非战斗, 战斗线程=已停止
2026-04-03 00:13:08,414 INFO TaskExecutor AutoCombatTask:状态感知循环: 战斗状态=非战斗, 战斗线程=已停止
2026-04-03 00:13:32,178 INFO TaskExecutor AutoCombatTask:状态感知循环: 战斗状态=非战斗, 战斗线程=已停止
2026-04-03 00:13:56,123 INFO TaskExecutor AutoCombatTask:状态感知循环: 战斗状态=非战斗, 战斗线程=已停止
2026-04-03 00:14:19,712 INFO TaskExecutor AutoCombatTask:状态感知循环: 战斗状态=非战斗, 战斗线程=已停止
2026-04-03 00:14:43,394 INFO TaskExecutor AutoCombatTask:状态感知循环: 战斗状态=非战斗, 战斗线程=已停止
2026-04-03 00:15:07,419 INFO TaskExecutor AutoCombatTask:状态感知循环: 战斗状态=非战斗, 战斗线程=已停止
2026-04-03 00:15:31,213 INFO TaskExecutor AutoCombatTask:状态感知循环: 战斗状态=非战斗, 战斗线程=已停止
2026-04-03 00:15:55,096 INFO TaskExecutor AutoCombatTask:状态感知循环: 战斗状态=非战斗, 战斗线程=已停止
2026-04-03 00:16:18,835 INFO TaskExecutor AutoCombatTask:状态感知循环: 战斗状态=非战斗, 战斗线程=已停止
2026-04-03 00:16:42,708 INFO TaskExecutor AutoCombatTask:状态感知循环: 战斗状态=非战斗, 战斗线程=已停止
2026-04-03 00:17:06,697 INFO TaskExecutor AutoCombatTask:状态感知循环: 战斗状态=非战斗, 战斗线程=已停止
2026-04-03 00:17:30,524 INFO TaskExecutor AutoCombatTask:状态感知循环: 战斗状态=非战斗, 战斗线程=已停止
2026-04-03 00:17:54,375 INFO TaskExecutor AutoCombatTask:状态感知循环: 战斗状态=非战斗, 战斗线程=已停止
2026-04-03 00:18:18,199 INFO TaskExecutor AutoCombatTask:状态感知循环: 战斗状态=非战斗, 战斗线程=已停止
2026-04-03 00:18:41,895 INFO TaskExecutor AutoCombatTask:状态感知循环: 战斗状态=非战斗, 战斗线程=已停止
2026-04-03 00:19:05,530 INFO TaskExecutor AutoCombatTask:状态感知循环: 战斗状态=非战斗, 战斗线程=已停止
2026-04-03 00:19:29,036 INFO TaskExecutor AutoCombatTask:状态感知循环: 战斗状态=非战斗, 战斗线程=已停止
2026-04-03 00:19:52,867 INFO TaskExecutor AutoCombatTask:状态感知循环: 战斗状态=非战斗, 战斗线程=已停止
2026-04-03 00:20:16,517 INFO TaskExecutor AutoCombatTask:状态感知循环: 战斗状态=非战斗, 战斗线程=已停止
2026-04-03 00:20:40,236 INFO TaskExecutor AutoCombatTask:状态感知循环: 战斗状态=非战斗, 战斗线程=已停止
2026-04-03 00:21:03,681 INFO TaskExecutor AutoCombatTask:状态感知循环: 战斗状态=非战斗, 战斗线程=已停止
2026-04-03 00:21:27,246 INFO TaskExecutor AutoCombatTask:状态感知循环: 战斗状态=非战斗, 战斗线程=已停止
2026-04-03 00:21:50,529 INFO TaskExecutor AutoCombatTask:状态感知循环: 战斗状态=非战斗, 战斗线程=已停止
2026-04-03 00:22:13,898 INFO TaskExecutor AutoCombatTask:状态感知循环: 战斗状态=非战斗, 战斗线程=已停止
2026-04-03 00:22:37,412 INFO TaskExecutor AutoCombatTask:状态感知循环: 战斗状态=非战斗, 战斗线程=已停止
2026-04-03 00:23:00,918 INFO TaskExecutor AutoCombatTask:状态感知循环: 战斗状态=非战斗, 战斗线程=已停止
2026-04-03 00:23:24,434 INFO TaskExecutor AutoCombatTask:状态感知循环: 战斗状态=非战斗, 战斗线程=已停止
2026-04-03 00:23:48,090 INFO TaskExecutor AutoCombatTask:状态感知循环: 战斗状态=非战斗, 战斗线程=已停止
2026-04-03 00:24:11,952 INFO TaskExecutor AutoCombatTask:状态感知循环: 战斗状态=非战斗, 战斗线程=已停止
2026-04-03 00:24:35,330 INFO TaskExecutor AutoCombatTask:状态感知循环: 战斗状态=非战斗, 战斗线程=已停止
